[0525/233152.390:ERROR:process_reader_win.cc(123)] NtOpenThread: {Access Denied} A process has requested access to an object, but has not been granted those access rights. (0xc0000022)
[0525/233152.777:ERROR:exception_snapshot_win.cc(98)] thread ID 1788 not found in process
[0525/233152.815:ERROR:process_reader_win.cc(123)] NtOpenThread: {Access Denied} A process has requested access to an object, but has not been granted those access rights. (0xc0000022)
[0525/233152.815:ERROR:exception_snapshot_win.cc(98)] thread ID 5076 not found in process
[0525/233153.761:ERROR:process_reader_win.cc(123)] NtOpenThread: {Access Denied} A process has requested access to an object, but has not been granted those access rights. (0xc0000022)
[0525/233153.843:ERROR:exception_snapshot_win.cc(98)] thread ID 3512 not found in process
[0525/233154.158:ERROR:process_reader_win.cc(123)] NtOpenThread: {Access Denied} A process has requested access to an object, but has not been granted those access rights. (0xc0000022)
[0525/233154.158:ERROR:exception_snapshot_win.cc(98)] thread ID 10160 not found in process
[0525/233154.431:ERROR:process_reader_win.cc(123)] NtOpenThread: {Access Denied} A process has requested access to an object, but has not been granted those access rights. (0xc0000022)
[0525/233154.431:ERROR:exception_snapshot_win.cc(98)] thread ID 5808 not found in process
[0525/233154.567:ERROR:process_reader_win.cc(123)] NtOpenThread: {Access Denied} A process has requested access to an object, but has not been granted those access rights. (0xc0000022)
[0525/233154.568:ERROR:exception_snapshot_win.cc(98)] thread ID 10532 not found in process
[0525/233154.772:ERROR:process_reader_win.cc(123)] NtOpenThread: {Access Denied} A process has requested access to an object, but has not been granted those access rights. (0xc0000022)
[0525/233154.773:ERROR:exception_snapshot_win.cc(98)] thread ID 9192 not found in process
[0525/233155.553:ERROR:process_info.cc(329)] VirtualQueryEx: Access is denied. (0x5)
[0525/233155.553:ERROR:process_info.cc(556)] ReadMemoryInfo failed
[0525/233155.553:ERROR:process_memory_win.cc(39)] Failed to initialize ProcessInfo.
[0525/233155.554:ERROR:scoped_process_suspend.cc(40)] NtResumeProcess: An attempt was made to access an exiting process. (0xc000010a)
[0525/233155.780:ERROR:process_reader_win.cc(123)] NtOpenThread: {Access Denied} A process has requested access to an object, but has not been granted those access rights. (0xc0000022)
[0525/233155.780:ERROR:exception_snapshot_win.cc(98)] thread ID 6124 not found in process
